{"contracts/escrow.sol":{"l":{"13":1,"14":1,"18":0,"19":0,"23":0,"27":0,"60":0,"61":0,"63":0,"68":0,"69":0,"71":0,"76":0,"77":0,"79":0,"84":0,"85":0,"87":0,"92":0,"93":0,"94":0,"99":0,"103":0,"104":0,"105":0,"106":0,"107":0,"108":0,"109":0,"111":0,"112":0,"116":0,"117":0,"118":0,"119":0,"120":0,"124":0,"125":0,"127":0,"129":0,"130":0,"131":0,"132":0,"133":0,"138":0,"139":0,"141":0,"143":0,"144":0,"145":0,"150":0,"154":0,"158":0,"162":0,"166":0,"167":0,"169":0,"174":0,"175":0,"177":0,"182":0,"183":0,"185":0,"189":0,"190":0,"192":0,"196":0,"200":0,"204":0,"208":0,"209":0,"211":0,"216":0,"220":0,"224":0,"225":0,"226":0,"227":0,"228":0,"232":0,"233":0,"234":0,"238":0},"path":"/media/rounak/HEAVYWT/work/quillhash/escrow-dapp/contracts/escrow.sol","s":{"1":1,"2":1,"3":0,"4":0,"5":0,"6":0,"7":0,"8":0,"9":0,"10":0,"11":0,"12":0,"13":0,"14":0,"15":0,"16":0,"17":0,"18":0,"19":0,"20":0,"21":0,"22":0,"23":0,"24":0,"25":0,"26":0,"27":0,"28":0,"29":0,"30":0,"31":0,"32":0,"33":0,"34":0,"35":0,"36":0,"37":0,"38":0,"39":0,"40":0,"41":0,"42":0,"43":0,"44":0,"45":0,"46":0,"47":0,"48":0,"49":0,"50":0,"51":0,"52":0,"53":0,"54":0,"55":0,"56":0,"57":0,"58":0,"59":0,"60":0,"61":0,"62":0,"63":0,"64":0,"65":0,"66":0,"67":0,"68":0,"69":0,"70":0,"71":0,"72":0,"73":0,"74":0,"75":0,"76":0},"b":{"1":[0,0],"2":[0,0],"3":[0,0],"4":[0,0],"5":[0,0],"6":[0,0],"7":[0,0],"8":[0,0],"9":[0,0],"10":[0,0],"11":[0,0],"12":[0,0],"13":[0,0],"14":[0,0],"15":[0,0],"16":[0,0]},"f":{"1":1,"2":0,"3":0,"4":0,"5":0,"6":0,"7":0,"8":0,"9":0,"10":0,"11":0,"12":0,"13":0,"14":0,"15":0,"16":0,"17":0,"18":0,"19":0,"20":0,"21":0,"22":0,"23":0,"24":0,"25":0,"26":0,"27":0,"28":0,"29":0,"30":0,"31":0},"fnMap":{"1":{"name":"Factory","line":12,"loc":{"start":{"line":12,"column":4},"end":{"line":12,"column":27}}},"2":{"name":"createContract","line":17,"loc":{"start":{"line":17,"column":4},"end":{"line":17,"column":34}}},"3":{"name":"getAllContracts","line":22,"loc":{"start":{"line":22,"column":4},"end":{"line":22,"column":60}}},"4":{"name":"getByID","line":26,"loc":{"start":{"line":26,"column":4},"end":{"line":26,"column":65}}},"5":{"name":"onlyBuyer","line":59,"loc":{"start":{"line":59,"column":4},"end":{"line":59,"column":22}}},"6":{"name":"onlyEscrowOwner","line":67,"loc":{"start":{"line":67,"column":4},"end":{"line":67,"column":28}}},"7":{"name":"checkBlockNumber","line":75,"loc":{"start":{"line":75,"column":4},"end":{"line":75,"column":29}}},"8":{"name":"ifApprovedOrCancelled","line":83,"loc":{"start":{"line":83,"column":4},"end":{"line":83,"column":34}}},"9":{"name":"Escrow","line":91,"loc":{"start":{"line":91,"column":4},"end":{"line":91,"column":59}}},"10":{"name":null,"line":97,"loc":{"start":{"line":97,"column":4},"end":{"line":97,"column":20}}},"11":{"name":"initEscrow","line":102,"loc":{"start":{"line":102,"column":4},"end":{"line":102,"column":114}}},"12":{"name":"depositToEscrow","line":115,"loc":{"start":{"line":115,"column":4},"end":{"line":115,"column":70}}},"13":{"name":"approveEscrow","line":123,"loc":{"start":{"line":123,"column":4},"end":{"line":123,"column":33}}},"14":{"name":"cancelEscrow","line":137,"loc":{"start":{"line":137,"column":4},"end":{"line":137,"column":49}}},"15":{"name":"endEscrow","line":149,"loc":{"start":{"line":149,"column":4},"end":{"line":149,"column":67}}},"16":{"name":"checkEscrowStatus","line":153,"loc":{"start":{"line":153,"column":4},"end":{"line":153,"column":64}}},"17":{"name":"getEscrowContractAddress","line":157,"loc":{"start":{"line":157,"column":4},"end":{"line":157,"column":67}}},"18":{"name":"getAllDeposits","line":161,"loc":{"start":{"line":161,"column":4},"end":{"line":161,"column":59}}},"19":{"name":"hasBuyerApproved","line":165,"loc":{"start":{"line":165,"column":4},"end":{"line":165,"column":56}}},"20":{"name":"hasSellerApproved","line":173,"loc":{"start":{"line":173,"column":4},"end":{"line":173,"column":57}}},"21":{"name":"hasBuyerCancelled","line":181,"loc":{"start":{"line":181,"column":4},"end":{"line":181,"column":57}}},"22":{"name":"hasSellerCancelled","line":188,"loc":{"start":{"line":188,"column":4},"end":{"line":188,"column":58}}},"23":{"name":"getFeeAmount","line":195,"loc":{"start":{"line":195,"column":4},"end":{"line":195,"column":55}}},"24":{"name":"getSellermount","line":199,"loc":{"start":{"line":199,"column":4},"end":{"line":199,"column":57}}},"25":{"name":"totalEscrowBalance","line":203,"loc":{"start":{"line":203,"column":4},"end":{"line":203,"column":61}}},"26":{"name":"hasEscrowExpired","line":207,"loc":{"start":{"line":207,"column":4},"end":{"line":207,"column":56}}},"27":{"name":"getBlockNumber","line":215,"loc":{"start":{"line":215,"column":4},"end":{"line":215,"column":57}}},"28":{"name":"killEscrow","line":219,"loc":{"start":{"line":219,"column":4},"end":{"line":219,"column":32}}},"29":{"name":"payOutFromEscrow","line":223,"loc":{"start":{"line":223,"column":4},"end":{"line":223,"column":37}}},"30":{"name":"fee","line":231,"loc":{"start":{"line":231,"column":4},"end":{"line":231,"column":24}}},"31":{"name":"refund","line":237,"loc":{"start":{"line":237,"column":4},"end":{"line":237,"column":27}}}},"statementMap":{"1":{"start":{"line":13,"column":8},"end":{"line":13,"column":32}},"2":{"start":{"line":14,"column":8},"end":{"line":14,"column":22}},"3":{"start":{"line":18,"column":8},"end":{"line":18,"column":68}},"4":{"start":{"line":23,"column":8},"end":{"line":23,"column":33}},"5":{"start":{"line":27,"column":8},"end":{"line":27,"column":42}},"6":{"start":{"line":60,"column":8},"end":{"line":60,"column":1547}},"7":{"start":{"line":63,"column":12},"end":{"line":63,"column":19}},"8":{"start":{"line":68,"column":8},"end":{"line":68,"column":1686}},"9":{"start":{"line":71,"column":12},"end":{"line":71,"column":19}},"10":{"start":{"line":76,"column":8},"end":{"line":76,"column":1836}},"11":{"start":{"line":79,"column":12},"end":{"line":79,"column":19}},"12":{"start":{"line":84,"column":8},"end":{"line":84,"column":1988}},"13":{"start":{"line":87,"column":12},"end":{"line":87,"column":19}},"14":{"start":{"line":92,"column":8},"end":{"line":92,"column":27}},"15":{"start":{"line":93,"column":8},"end":{"line":93,"column":27}},"16":{"start":{"line":94,"column":8},"end":{"line":94,"column":23}},"17":{"start":{"line":99,"column":8},"end":{"line":99,"column":15}},"18":{"start":{"line":103,"column":8},"end":{"line":103,"column":65}},"19":{"start":{"line":104,"column":8},"end":{"line":104,"column":20}},"20":{"start":{"line":105,"column":8},"end":{"line":105,"column":23}},"21":{"start":{"line":106,"column":8},"end":{"line":106,"column":21}},"22":{"start":{"line":107,"column":8},"end":{"line":107,"column":31}},"23":{"start":{"line":108,"column":8},"end":{"line":108,"column":30}},"24":{"start":{"line":109,"column":8},"end":{"line":109,"column":39}},"25":{"start":{"line":111,"column":8},"end":{"line":111,"column":27}},"26":{"start":{"line":112,"column":8},"end":{"line":112,"column":26}},"27":{"start":{"line":116,"column":8},"end":{"line":116,"column":65}},"28":{"start":{"line":118,"column":8},"end":{"line":118,"column":32}},"29":{"start":{"line":119,"column":8},"end":{"line":119,"column":42}},"30":{"start":{"line":120,"column":8},"end":{"line":120,"column":43}},"31":{"start":{"line":124,"column":8},"end":{"line":124,"column":3271}},"32":{"start":{"line":125,"column":12},"end":{"line":125,"column":32}},"33":{"start":{"line":126,"column":15},"end":{"line":126,"column":3349}},"34":{"start":{"line":127,"column":12},"end":{"line":127,"column":31}},"35":{"start":{"line":129,"column":8},"end":{"line":129,"column":3428}},"36":{"start":{"line":130,"column":12},"end":{"line":130,"column":47}},"37":{"start":{"line":131,"column":12},"end":{"line":131,"column":16}},"38":{"start":{"line":132,"column":12},"end":{"line":132,"column":29}},"39":{"start":{"line":133,"column":12},"end":{"line":133,"column":68}},"40":{"start":{"line":138,"column":8},"end":{"line":138,"column":3741}},"41":{"start":{"line":139,"column":12},"end":{"line":139,"column":30}},"42":{"start":{"line":140,"column":15},"end":{"line":140,"column":3817}},"43":{"start":{"line":141,"column":12},"end":{"line":141,"column":29}},"44":{"start":{"line":143,"column":8},"end":{"line":143,"column":3894}},"45":{"start":{"line":144,"column":12},"end":{"line":144,"column":47}},"46":{"start":{"line":145,"column":12},"end":{"line":145,"column":19}},"47":{"start":{"line":150,"column":8},"end":{"line":150,"column":19}},"48":{"start":{"line":154,"column":8},"end":{"line":154,"column":21}},"49":{"start":{"line":158,"column":8},"end":{"line":158,"column":28}},"50":{"start":{"line":162,"column":8},"end":{"line":162,"column":23}},"51":{"start":{"line":166,"column":8},"end":{"line":166,"column":4504}},"52":{"start":{"line":167,"column":12},"end":{"line":167,"column":23}},"53":{"start":{"line":169,"column":12},"end":{"line":169,"column":24}},"54":{"start":{"line":174,"column":8},"end":{"line":174,"column":4680}},"55":{"start":{"line":175,"column":12},"end":{"line":175,"column":23}},"56":{"start":{"line":177,"column":12},"end":{"line":177,"column":24}},"57":{"start":{"line":182,"column":8},"end":{"line":182,"column":4861}},"58":{"start":{"line":183,"column":12},"end":{"line":183,"column":23}},"59":{"start":{"line":185,"column":8},"end":{"line":185,"column":20}},"60":{"start":{"line":189,"column":8},"end":{"line":189,"column":5018}},"61":{"start":{"line":190,"column":12},"end":{"line":190,"column":23}},"62":{"start":{"line":192,"column":8},"end":{"line":192,"column":20}},"63":{"start":{"line":196,"column":8},"end":{"line":196,"column":24}},"64":{"start":{"line":200,"column":8},"end":{"line":200,"column":27}},"65":{"start":{"line":204,"column":8},"end":{"line":204,"column":36}},"66":{"start":{"line":208,"column":8},"end":{"line":208,"column":5484}},"67":{"start":{"line":209,"column":12},"end":{"line":209,"column":24}},"68":{"start":{"line":211,"column":12},"end":{"line":211,"column":23}},"69":{"start":{"line":216,"column":8},"end":{"line":216,"column":27}},"70":{"start":{"line":220,"column":8},"end":{"line":220,"column":32}},"71":{"start":{"line":224,"column":8},"end":{"line":224,"column":77}},"72":{"start":{"line":225,"column":8},"end":{"line":225,"column":79}},"73":{"start":{"line":226,"column":8},"end":{"line":226,"column":42}},"74":{"start":{"line":227,"column":8},"end":{"line":227,"column":43}},"75":{"start":{"line":232,"column":8},"end":{"line":232,"column":65}},"76":{"start":{"line":233,"column":8},"end":{"line":233,"column":27}}},"branchMap":{"1":{"line":60,"type":"if","locations":[{"start":{"line":60,"column":8},"end":{"line":60,"column":8}},{"start":{"line":60,"column":8},"end":{"line":60,"column":8}}]},"2":{"line":68,"type":"if","locations":[{"start":{"line":68,"column":8},"end":{"line":68,"column":8}},{"start":{"line":68,"column":8},"end":{"line":68,"column":8}}]},"3":{"line":76,"type":"if","locations":[{"start":{"line":76,"column":8},"end":{"line":76,"column":8}},{"start":{"line":76,"column":8},"end":{"line":76,"column":8}}]},"4":{"line":84,"type":"if","locations":[{"start":{"line":84,"column":8},"end":{"line":84,"column":8}},{"start":{"line":84,"column":8},"end":{"line":84,"column":8}}]},"5":{"line":103,"type":"if","locations":[{"start":{"line":103,"column":8},"end":{"line":103,"column":8}},{"start":{"line":103,"column":8},"end":{"line":103,"column":8}}]},"6":{"line":124,"type":"if","locations":[{"start":{"line":124,"column":8},"end":{"line":124,"column":8}},{"start":{"line":124,"column":8},"end":{"line":124,"column":8}}]},"7":{"line":126,"type":"if","locations":[{"start":{"line":126,"column":15},"end":{"line":126,"column":15}},{"start":{"line":126,"column":15},"end":{"line":126,"column":15}}]},"8":{"line":129,"type":"if","locations":[{"start":{"line":129,"column":8},"end":{"line":129,"column":8}},{"start":{"line":129,"column":8},"end":{"line":129,"column":8}}]},"9":{"line":138,"type":"if","locations":[{"start":{"line":138,"column":8},"end":{"line":138,"column":8}},{"start":{"line":138,"column":8},"end":{"line":138,"column":8}}]},"10":{"line":140,"type":"if","locations":[{"start":{"line":140,"column":15},"end":{"line":140,"column":15}},{"start":{"line":140,"column":15},"end":{"line":140,"column":15}}]},"11":{"line":143,"type":"if","locations":[{"start":{"line":143,"column":8},"end":{"line":143,"column":8}},{"start":{"line":143,"column":8},"end":{"line":143,"column":8}}]},"12":{"line":166,"type":"if","locations":[{"start":{"line":166,"column":8},"end":{"line":166,"column":8}},{"start":{"line":166,"column":8},"end":{"line":166,"column":8}}]},"13":{"line":174,"type":"if","locations":[{"start":{"line":174,"column":8},"end":{"line":174,"column":8}},{"start":{"line":174,"column":8},"end":{"line":174,"column":8}}]},"14":{"line":182,"type":"if","locations":[{"start":{"line":182,"column":8},"end":{"line":182,"column":8}},{"start":{"line":182,"column":8},"end":{"line":182,"column":8}}]},"15":{"line":189,"type":"if","locations":[{"start":{"line":189,"column":8},"end":{"line":189,"column":8}},{"start":{"line":189,"column":8},"end":{"line":189,"column":8}}]},"16":{"line":208,"type":"if","locations":[{"start":{"line":208,"column":8},"end":{"line":208,"column":8}},{"start":{"line":208,"column":8},"end":{"line":208,"column":8}}]}}},"contracts/SafeMath.sol":{"l":{"15":0,"16":0,"18":0,"19":0,"20":0,"30":0,"37":0,"38":0,"45":0,"46":0,"47":0},"path":"/media/rounak/HEAVYWT/work/quillhash/escrow-dapp/contracts/SafeMath.sol","s":{"1":0,"2":0,"3":0,"4":0,"5":0,"6":0,"7":0,"8":0,"9":0,"10":0,"11":0},"b":{"1":[0,0],"2":[0,0],"3":[0,0],"4":[0,0]},"f":{"1":0,"2":0,"3":0,"4":0},"fnMap":{"1":{"name":"mul","line":14,"loc":{"start":{"line":14,"column":4},"end":{"line":14,"column":68}}},"2":{"name":"div","line":26,"loc":{"start":{"line":26,"column":4},"end":{"line":26,"column":68}}},"3":{"name":"sub","line":36,"loc":{"start":{"line":36,"column":4},"end":{"line":36,"column":68}}},"4":{"name":"add","line":44,"loc":{"start":{"line":44,"column":4},"end":{"line":44,"column":68}}}},"statementMap":{"1":{"start":{"line":15,"column":8},"end":{"line":15,"column":425}},"2":{"start":{"line":16,"column":12},"end":{"line":16,"column":20}},"3":{"start":{"line":18,"column":8},"end":{"line":18,"column":24}},"4":{"start":{"line":19,"column":8},"end":{"line":19,"column":25}},"5":{"start":{"line":20,"column":8},"end":{"line":20,"column":16}},"6":{"start":{"line":30,"column":8},"end":{"line":30,"column":20}},"7":{"start":{"line":37,"column":8},"end":{"line":37,"column":21}},"8":{"start":{"line":38,"column":8},"end":{"line":38,"column":20}},"9":{"start":{"line":45,"column":8},"end":{"line":45,"column":24}},"10":{"start":{"line":46,"column":8},"end":{"line":46,"column":21}},"11":{"start":{"line":47,"column":8},"end":{"line":47,"column":16}}},"branchMap":{"1":{"line":15,"type":"if","locations":[{"start":{"line":15,"column":8},"end":{"line":15,"column":8}},{"start":{"line":15,"column":8},"end":{"line":15,"column":8}}]},"2":{"line":19,"type":"if","locations":[{"start":{"line":19,"column":8},"end":{"line":19,"column":8}},{"start":{"line":19,"column":8},"end":{"line":19,"column":8}}]},"3":{"line":37,"type":"if","locations":[{"start":{"line":37,"column":8},"end":{"line":37,"column":8}},{"start":{"line":37,"column":8},"end":{"line":37,"column":8}}]},"4":{"line":46,"type":"if","locations":[{"start":{"line":46,"column":8},"end":{"line":46,"column":8}},{"start":{"line":46,"column":8},"end":{"line":46,"column":8}}]}}}}