TN:
SF:/media/rounak/HEAVYWT/work/quillhash/escrow-dapp/contracts/escrow.sol
FN:12,Factory
FN:17,createContract
FN:22,getAllContracts
FN:26,getByID
FN:59,onlyBuyer
FN:67,onlyEscrowOwner
FN:75,checkBlockNumber
FN:83,ifApprovedOrCancelled
FN:91,Escrow
FN:97,
FN:102,initEscrow
FN:115,depositToEscrow
FN:123,approveEscrow
FN:137,cancelEscrow
FN:149,endEscrow
FN:153,checkEscrowStatus
FN:157,getEscrowContractAddress
FN:161,getAllDeposits
FN:165,hasBuyerApproved
FN:173,hasSellerApproved
FN:181,hasBuyerCancelled
FN:188,hasSellerCancelled
FN:195,getFeeAmount
FN:199,getSellermount
FN:203,totalEscrowBalance
FN:207,hasEscrowExpired
FN:215,getBlockNumber
FN:219,killEscrow
FN:223,payOutFromEscrow
FN:231,fee
FN:237,refund
FNF:31
FNH:1
FNDA:1,Factory
FNDA:0,createContract
FNDA:0,getAllContracts
FNDA:0,getByID
FNDA:0,onlyBuyer
FNDA:0,onlyEscrowOwner
FNDA:0,checkBlockNumber
FNDA:0,ifApprovedOrCancelled
FNDA:0,Escrow
FNDA:0,
FNDA:0,initEscrow
FNDA:0,depositToEscrow
FNDA:0,approveEscrow
FNDA:0,cancelEscrow
FNDA:0,endEscrow
FNDA:0,checkEscrowStatus
FNDA:0,getEscrowContractAddress
FNDA:0,getAllDeposits
FNDA:0,hasBuyerApproved
FNDA:0,hasSellerApproved
FNDA:0,hasBuyerCancelled
FNDA:0,hasSellerCancelled
FNDA:0,getFeeAmount
FNDA:0,getSellermount
FNDA:0,totalEscrowBalance
FNDA:0,hasEscrowExpired
FNDA:0,getBlockNumber
FNDA:0,killEscrow
FNDA:0,payOutFromEscrow
FNDA:0,fee
FNDA:0,refund
DA:13,1
DA:14,1
DA:18,0
DA:19,0
DA:23,0
DA:27,0
DA:60,0
DA:61,0
DA:63,0
DA:68,0
DA:69,0
DA:71,0
DA:76,0
DA:77,0
DA:79,0
DA:84,0
DA:85,0
DA:87,0
DA:92,0
DA:93,0
DA:94,0
DA:99,0
DA:103,0
DA:104,0
DA:105,0
DA:106,0
DA:107,0
DA:108,0
DA:109,0
DA:111,0
DA:112,0
DA:116,0
DA:117,0
DA:118,0
DA:119,0
DA:120,0
DA:124,0
DA:125,0
DA:127,0
DA:129,0
DA:130,0
DA:131,0
DA:132,0
DA:133,0
DA:138,0
DA:139,0
DA:141,0
DA:143,0
DA:144,0
DA:145,0
DA:150,0
DA:154,0
DA:158,0
DA:162,0
DA:166,0
DA:167,0
DA:169,0
DA:174,0
DA:175,0
DA:177,0
DA:182,0
DA:183,0
DA:185,0
DA:189,0
DA:190,0
DA:192,0
DA:196,0
DA:200,0
DA:204,0
DA:208,0
DA:209,0
DA:211,0
DA:216,0
DA:220,0
DA:224,0
DA:225,0
DA:226,0
DA:227,0
DA:228,0
DA:232,0
DA:233,0
DA:234,0
DA:238,0
LF:83
LH:2
BRDA:60,1,0,0
BRDA:60,1,1,0
BRDA:68,2,0,0
BRDA:68,2,1,0
BRDA:76,3,0,0
BRDA:76,3,1,0
BRDA:84,4,0,0
BRDA:84,4,1,0
BRDA:103,5,0,0
BRDA:103,5,1,0
BRDA:124,6,0,0
BRDA:124,6,1,0
BRDA:126,7,0,0
BRDA:126,7,1,0
BRDA:129,8,0,0
BRDA:129,8,1,0
BRDA:138,9,0,0
BRDA:138,9,1,0
BRDA:140,10,0,0
BRDA:140,10,1,0
BRDA:143,11,0,0
BRDA:143,11,1,0
BRDA:166,12,0,0
BRDA:166,12,1,0
BRDA:174,13,0,0
BRDA:174,13,1,0
BRDA:182,14,0,0
BRDA:182,14,1,0
BRDA:189,15,0,0
BRDA:189,15,1,0
BRDA:208,16,0,0
BRDA:208,16,1,0
BRF:32
BRH:0
end_of_record
TN:
SF:/media/rounak/HEAVYWT/work/quillhash/escrow-dapp/contracts/SafeMath.sol
FN:14,mul
FN:26,div
FN:36,sub
FN:44,add
FNF:4
FNH:0
FNDA:0,mul
FNDA:0,div
FNDA:0,sub
FNDA:0,add
DA:15,0
DA:16,0
DA:18,0
DA:19,0
DA:20,0
DA:30,0
DA:37,0
DA:38,0
DA:45,0
DA:46,0
DA:47,0
LF:11
LH:0
BRDA:15,1,0,0
BRDA:15,1,1,0
BRDA:19,2,0,0
BRDA:19,2,1,0
BRDA:37,3,0,0
BRDA:37,3,1,0
BRDA:46,4,0,0
BRDA:46,4,1,0
BRF:8
BRH:0
end_of_record
